<?xml version="1.0" encoding="UTF-8"?>
<!-- Generated by org.testng.reporters.JUnitReportReporter -->
<testsuite hostname="HP" failures="0" tests="1" name="Testscript.Test2" time="0.011" errors="0" timestamp="2022-05-24T22:14:27 IST" skipped="0">
  <testcase classname="Testscript.Test2" name="tc3" time="0.011"/>
  <system-out>
    <![CDATA[java programing langauge]]>
  </system-out>
</testsuite> <!-- Testscript.Test2 -->
