<?xml version="1.0" encoding="UTF-8"?>
<!-- Generated by org.testng.reporters.JUnitReportReporter -->
<testsuite hostname="HP" failures="0" tests="1" name="Testscript.Test1" time="0.001" errors="0" timestamp="2022-05-24T22:14:27 IST" skipped="0">
  <testcase classname="Testscript.Test1" name="tc2" time="0.001"/>
  <system-out>
    <![CDATA[selenium automation]]>
  </system-out>
</testsuite> <!-- Testscript.Test1 -->
