<?xml version="1.0" encoding="UTF-8"?>
<!-- Generated by org.testng.reporters.JUnitReportReporter -->
<testsuite hostname="HP" failures="0" tests="1" name="Testscript.Test3" time="0.002" errors="0" timestamp="2022-05-24T22:14:27 IST" skipped="0">
  <testcase classname="Testscript.Test3" name="tc4" time="0.002"/>
  <system-out>
    <![CDATA[Html scripted language]]>
  </system-out>
</testsuite> <!-- Testscript.Test3 -->
