<?xml version="1.0" encoding="UTF-8"?>
<!-- Generated by org.testng.reporters.JUnitReportReporter -->
<testsuite hostname="HP" failures="0" tests="1" name="Testscript.Test0" time="0.003" errors="0" timestamp="2022-05-24T22:14:27 IST" skipped="0">
  <testcase classname="Testscript.Test0" name="tc1" time="0.003"/>
  <system-out>
    <![CDATA[Hello ]]>
  </system-out>
</testsuite> <!-- Testscript.Test0 -->
